<?xml version="1.0" encoding="UTF-8" ?>
<testsuite tests="4" failures="0" name="pl.edu.pwr.contractsummarytest.segmentationtest.TextSentenceTest" time="0" errors="0" skipped="0">
  <properties>
[...]
</properties>
  <testcase classname="pl.edu.pwr.contractsummarytest.segmentationtest.TextSentenceTest" name="testSentenceSegmentation[0]" time="0"/>
  <testcase classname="pl.edu.pwr.contractsummarytest.segmentationtest.TextSentenceTest" name="testSentenceSegmentation[1]" time="0"/>
  <testcase classname="pl.edu.pwr.contractsummarytest.segmentationtest.TextSentenceTest" name="testSentenceSegmentation[2]" time="0"/>
  <testcase classname="pl.edu.pwr.contractsummarytest.segmentationtest.TextSentenceTest" name="testSentenceSegmentation[3]" time="0"/>
</testsuite>